<?xml version="1.0" encoding="UTF-8"?>
<!-- Generated by org.testng.reporters.JUnitXMLReporter -->
<testsuite ignored="0" hostname="LAPTOP-7D8OLH25" failures="0" tests="4" name="Run Class Annotations" time="0.06" errors="0" timestamp="11 Aug 2023 05:30:55 GMT">
  <testcase classname="DemoTestNG.ConfigurationAnnotation_DatePicker" name="testMethod_1_DatePicker" time="0.008"/>
  <testcase classname="DemoTestNG.ConfigurationAnnotation_DatePicker" name="testMethod_2_DatePicker" time="0.001"/>
  <testcase classname="DemoTestNG.ConfigurationAnnotation_ListBox" name="testMethod_3_ListBox" time="0.001"/>
  <testcase classname="DemoTestNG.ConfigurationAnnotation_ListBox" name="testMethod_4_ListBox" time="0.003"/>
</testsuite> <!-- Run Class Annotations -->
