<?xml version="1.0" encoding="UTF-8"?>
<!-- Generated by org.testng.reporters.JUnitXMLReporter -->
<testsuite ignored="0" hostname="LAPTOP-7D8OLH25" failures="0" tests="2" name="Default test" time="23.865" errors="0" timestamp="17 Aug 2023 12:20:20 GMT">
  <testcase classname="SeleniumTestNGPackage.FileUpload2WindowScreenshot" name="test_case_MyInfo" time="13.573"/>
  <testcase classname="SeleniumTestNGPackage.FileUpload2WindowScreenshot" name="screenShotFullPage" time="0.221"/>
</testsuite> <!-- Default test -->
