<?xml version="1.0" encoding="UTF-8"?>
<testng-results ignored="0" total="2" passed="2" failed="0" skipped="0">
  <reporter-output>
  </reporter-output>
  <suite started-at="2023-08-16T12:26:36Z" name="Default suite" finished-at="2023-08-16T12:26:52Z" duration-ms="16260">
    <groups>
    </groups>
    <test started-at="2023-08-16T12:26:36Z" name="Default test" finished-at="2023-08-16T12:26:52Z" duration-ms="16260">
      <class name="SeleniumTestNGPackage.WindowHandler">
        <test-method is-config="true" signature="setUp()[pri:0, instance:SeleniumTestNGPackage.WindowHandler@4d1bf319]" started-at="2023-08-16T12:26:36Z" name="setUp" finished-at="2023-08-16T12:26:43Z" duration-ms="6885" status="PASS">
          <reporter-output>
          </reporter-output>
        </test-method> <!-- setUp -->
        <test-method signature="testCase1_openParentWindow()[pri:0, instance:SeleniumTestNGPackage.WindowHandler@4d1bf319]" started-at="2023-08-16T12:26:43Z" name="testCase1_openParentWindow" finished-at="2023-08-16T12:26:45Z" duration-ms="2134" status="PASS">
          <reporter-output>
          </reporter-output>
        </test-method> <!-- testCase1_openParentWindow -->
        <test-method signature="testCase2_openChildWindow()[pri:0, instance:SeleniumTestNGPackage.WindowHandler@4d1bf319]" started-at="2023-08-16T12:26:45Z" name="testCase2_openChildWindow" finished-at="2023-08-16T12:26:52Z" duration-ms="6737" status="PASS">
          <reporter-output>
          </reporter-output>
        </test-method> <!-- testCase2_openChildWindow -->
        <test-method is-config="true" signature="testCase_switchToChildWindow()[pri:0, instance:SeleniumTestNGPackage.WindowHandler@4d1bf319]" started-at="2023-08-16T12:26:52Z" name="testCase_switchToChildWindow" finished-at="2023-08-16T12:26:52Z" duration-ms="500" status="PASS">
          <reporter-output>
          </reporter-output>
        </test-method> <!-- testCase_switchToChildWindow -->
      </class> <!-- SeleniumTestNGPackage.WindowHandler -->
    </test> <!-- Default test -->
  </suite> <!-- Default suite -->
</testng-results>
