<?xml version="1.0" encoding="UTF-8"?>
<testng-results ignored="0" total="2" passed="2" failed="0" skipped="0">
  <reporter-output>
  </reporter-output>
  <suite started-at="2023-08-17T12:19:56Z" name="Default suite" finished-at="2023-08-17T12:20:20Z" duration-ms="23865">
    <groups>
    </groups>
    <test started-at="2023-08-17T12:19:56Z" name="Default test" finished-at="2023-08-17T12:20:20Z" duration-ms="23865">
      <class name="SeleniumTestNGPackage.FileUpload2WindowScreenshot">
        <test-method is-config="true" signature="SetUp()[pri:0, instance:SeleniumTestNGPackage.FileUpload2WindowScreenshot@4d1bf319]" started-at="2023-08-17T12:19:56Z" name="SetUp" finished-at="2023-08-17T12:20:06Z" duration-ms="9561" status="PASS">
          <reporter-output>
          </reporter-output>
        </test-method> <!-- SetUp -->
        <test-method signature="test_case_MyInfo()[pri:1, instance:SeleniumTestNGPackage.FileUpload2WindowScreenshot@4d1bf319]" started-at="2023-08-17T12:20:06Z" name="test_case_MyInfo" finished-at="2023-08-17T12:20:20Z" duration-ms="13573" status="PASS">
          <reporter-output>
          </reporter-output>
        </test-method> <!-- test_case_MyInfo -->
        <test-method signature="screenShotFullPage()[pri:2, instance:SeleniumTestNGPackage.FileUpload2WindowScreenshot@4d1bf319]" started-at="2023-08-17T12:20:20Z" name="screenShotFullPage" finished-at="2023-08-17T12:20:20Z" duration-ms="221" status="PASS">
          <reporter-output>
          </reporter-output>
        </test-method> <!-- screenShotFullPage -->
        <test-method is-config="true" signature="tearDown()[pri:0, instance:SeleniumTestNGPackage.FileUpload2WindowScreenshot@4d1bf319]" started-at="2023-08-17T12:20:20Z" name="tearDown" finished-at="2023-08-17T12:20:20Z" duration-ms="456" status="PASS">
          <reporter-output>
          </reporter-output>
        </test-method> <!-- tearDown -->
      </class> <!-- SeleniumTestNGPackage.FileUpload2WindowScreenshot -->
    </test> <!-- Default test -->
  </suite> <!-- Default suite -->
</testng-results>
